<?xml version="1.0" encoding="UTF-8"?>
<testng-results ignored="0" total="3" passed="3" failed="0" skipped="0">
  <reporter-output>
  </reporter-output>
  <suite started-at="2026-08-08T16:25:24 IST" name="BlackBoxTestSuite" finished-at="2026-08-08T16:25:36 IST" duration-ms="12176">
    <groups>
    </groups>
    <test started-at="2026-08-08T16:25:24 IST" name="LoginBlackBoxTests" finished-at="2026-08-08T16:25:36 IST" duration-ms="12176">
      <class name="tests.LoginTest">
        <test-method is-config="true" signature="setUp()[pri:0, instance:tests.LoginTest@3daa422a]" started-at="2026-08-08T16:25:25 IST" name="setUp" finished-at="2026-08-08T16:25:26 IST" duration-ms="1133" status="PASS">
          <reporter-output>
          </reporter-output>
        </test-method> <!-- setUp -->
        <test-method signature="testLoginScenario(java.lang.String,java.lang.String)[pri:0, instance:tests.LoginTest@3daa422a]" started-at="2026-08-08T16:25:26 IST" name="testLoginScenario" data-provider="loginData" finished-at="2026-08-08T16:25:29 IST" duration-ms="2954" status="PASS">
          <params>
            <param index="0">
              <value>
                <![CDATA[student]]>
              </value>
            </param>
            <param index="1">
              <value>
                <![CDATA[Password123]]>
              </value>
            </param>
          </params>
          <reporter-output>
          </reporter-output>
        </test-method> <!-- testLoginScenario -->
        <test-method is-config="true" signature="tearDown()[pri:0, instance:tests.LoginTest@3daa422a]" started-at="2026-08-08T16:25:29 IST" name="tearDown" finished-at="2026-08-08T16:25:29 IST" duration-ms="113" status="PASS">
          <reporter-output>
          </reporter-output>
        </test-method> <!-- tearDown -->
        <test-method is-config="true" signature="setUp()[pri:0, instance:tests.LoginTest@3daa422a]" started-at="2026-08-08T16:25:29 IST" name="setUp" finished-at="2026-08-08T16:25:30 IST" duration-ms="814" status="PASS">
          <reporter-output>
          </reporter-output>
        </test-method> <!-- setUp -->
        <test-method signature="testLoginScenario(java.lang.String,java.lang.String)[pri:0, instance:tests.LoginTest@3daa422a]" started-at="2026-08-08T16:25:30 IST" name="testLoginScenario" data-provider="loginData" finished-at="2026-08-08T16:25:33 IST" duration-ms="3113" status="PASS">
          <params>
            <param index="0">
              <value>
                <![CDATA[invalidUser]]>
              </value>
            </param>
            <param index="1">
              <value>
                <![CDATA[Password123]]>
              </value>
            </param>
          </params>
          <reporter-output>
          </reporter-output>
        </test-method> <!-- testLoginScenario -->
        <test-method is-config="true" signature="tearDown()[pri:0, instance:tests.LoginTest@3daa422a]" started-at="2026-08-08T16:25:33 IST" name="tearDown" finished-at="2026-08-08T16:25:33 IST" duration-ms="105" status="PASS">
          <reporter-output>
          </reporter-output>
        </test-method> <!-- tearDown -->
        <test-method is-config="true" signature="setUp()[pri:0, instance:tests.LoginTest@3daa422a]" started-at="2026-08-08T16:25:33 IST" name="setUp" finished-at="2026-08-08T16:25:34 IST" duration-ms="850" status="PASS">
          <reporter-output>
          </reporter-output>
        </test-method> <!-- setUp -->
        <test-method signature="testLoginScenario(java.lang.String,java.lang.String)[pri:0, instance:tests.LoginTest@3daa422a]" started-at="2026-08-08T16:25:34 IST" name="testLoginScenario" data-provider="loginData" finished-at="2026-08-08T16:25:36 IST" duration-ms="2281" status="PASS">
          <params>
            <param index="0">
              <value>
                <![CDATA[student]]>
              </value>
            </param>
            <param index="1">
              <value>
                <![CDATA[wrongPassword]]>
              </value>
            </param>
          </params>
          <reporter-output>
          </reporter-output>
        </test-method> <!-- testLoginScenario -->
        <test-method is-config="true" signature="tearDown()[pri:0, instance:tests.LoginTest@3daa422a]" started-at="2026-08-08T16:25:36 IST" name="tearDown" finished-at="2026-08-08T16:25:36 IST" duration-ms="104" status="PASS">
          <reporter-output>
          </reporter-output>
        </test-method> <!-- tearDown -->
      </class> <!-- tests.LoginTest -->
    </test> <!-- LoginBlackBoxTests -->
  </suite> <!-- BlackBoxTestSuite -->
</testng-results>
