<?xml version="1.0" encoding="UTF-8"?>
<!-- Generated by org.testng.reporters.JUnitXMLReporter -->
<testsuite ignored="0" hostname="DESKTOP-TDQFQAL" failures="0" tests="3" name="LoginBlackBoxTests" time="12.176" errors="0" timestamp="2026-08-08T16:25:36 IST">
  <testcase classname="tests.LoginTest" name="testLoginScenario" time="2.954"/>
  <testcase classname="tests.LoginTest" name="testLoginScenario" time="3.113"/>
  <testcase classname="tests.LoginTest" name="testLoginScenario" time="2.281"/>
</testsuite> <!-- LoginBlackBoxTests -->
