<?xml version="1.0" encoding="UTF-8"?>
<!-- Generated by org.testng.reporters.JUnitReportReporter -->
<testsuite hostname="DESKTOP-TDQFQAL" failures="0" tests="3" name="tests.LoginTest" time="11.467" errors="0" timestamp="2026-08-08T16:25:36 IST" skipped="0">
  <testcase classname="tests.LoginTest" name="testLoginScenario" time="3.881"/>
  <testcase classname="tests.LoginTest" name="testLoginScenario" time="4.068"/>
  <testcase classname="tests.LoginTest" name="testLoginScenario" time="3.518"/>
</testsuite> <!-- tests.LoginTest -->
